<?xml version="1.0" encoding="UTF-8"?>
<testsuite name="testF.TestTemplate" tests="4" skipped="0" failures="0" errors="0" timestamp="2022-04-04T13:41:14" hostname="hyharch" time="0.018">
  <properties/>
  <testcase name="multipleVariables()" classname="testF.TestTemplate" time="0.015"/>
  <testcase name="oneVariable()" classname="testF.TestTemplate" time="0.0"/>
  <testcase name="differentTemplate()" classname="testF.TestTemplate" time="0.001"/>
  <testcase name="unknownVariablesAreIgnored()" classname="testF.TestTemplate" time="0.001"/>
  <system-out><![CDATA[]]></system-out>
  <system-err><![CDATA[]]></system-err>
</testsuite>
